find_header: checking for prism.h in C:/training_app/vendor/bundle/ruby/3.4.0/gems/prism-1.6.0/include... -------------------- yes

PATH=".;C:/Ruby34-x64/lib;C:\Ruby34-x64\bin;C:\Ruby34-x64\msys64\ucrt64\bin;C:\Ruby34-x64\msys64\usr\bin;C:\Windows\System32;C:\Ruby34-x64\bin\;C:\xampp8.2.4\php;C:\xampp8.2.4\apache\bin;C:\xampp8.2.4\bin\;C:\Users\ismar\Documents\stripe_1.28.0;C:\Users\ismar\scoop\shims;C:\Users\ismar\AppData\Local\Microsoft\WindowsApps;C:\Users\ismar\AppData\Local\Programs\Microsoft VS Code\bin;C:\Users\ismar\AppData\Roaming\Composer\vendor\bin;C:\Users\ismar\.dotnet\tools;C:\Users\ismar\AppData\Roaming\npm;C:\Users\ismar\AppData\Local\Programs\cursor\resources\app\bin;C:\Program Files\Docker\Docker;C:\Program Files\nodejs\;C:\Program Files\dotnet\;C:\php;C:\xampp5.6\php;C:\Program Files\Git\cmd;C:\Program Files\Docker\Docker\resources\bin;C:\Ruby34-x64\bin;C:\Users\ismar\scoop\shims;C:\Users\ismar\AppData\Local\Microsoft\WindowsApps;;C:\Users\ismar\AppData\Local\Programs\Microsoft VS Code\bin;C:\Users\ismar\AppData\Roaming\Composer\vendor\bin;C:\Users\ismar\.dotnet\tools;C:\Users\ismar\AppData\Roaming\npm;C:\Users\ismar\AppData\Local\Programs\cursor\resources\app\bin;C:\Program Files\JetBrains\DataGrip 2024.3.5\bin;" ASAN_OPTIONS=detect_leaks=0 "gcc -o conftest.exe -IC:/Ruby34-x64/include/ruby-3.4.0/x64-mingw-ucrt -IC:/Ruby34-x64/include/ruby-3.4.0/ruby/backward -IC:/Ruby34-x64/include/ruby-3.4.0 -I. -D_WIN32_WINNT=0x0600 -D__MINGW_USE_VC2005_COMPAT -D_FILE_OFFSET_BITS=64  -O3 -fstack-protector-strong conftest.c -L. -LC:/Ruby34-x64/lib -L. -pipe -s -fstack-protector-strong -lpthread -Wl,--no-as-needed     -lx64-ucrt-ruby340  -lshell32 -lws2_32 -liphlpapi -limagehlp -lshlwapi -lbcrypt  "
checked program was:
/* begin */
1: #include "ruby.h"
2: 
3: #include <winsock2.h>
4: #include <windows.h>
5: int main(int argc, char **argv)
6: {
7:   return !!argv[argc];
8: }
/* end */

PATH=".;C:/Ruby34-x64/lib;C:\Ruby34-x64\bin;C:\Ruby34-x64\msys64\ucrt64\bin;C:\Ruby34-x64\msys64\usr\bin;C:\Windows\System32;C:\Ruby34-x64\bin\;C:\xampp8.2.4\php;C:\xampp8.2.4\apache\bin;C:\xampp8.2.4\bin\;C:\Users\ismar\Documents\stripe_1.28.0;C:\Users\ismar\scoop\shims;C:\Users\ismar\AppData\Local\Microsoft\WindowsApps;C:\Users\ismar\AppData\Local\Programs\Microsoft VS Code\bin;C:\Users\ismar\AppData\Roaming\Composer\vendor\bin;C:\Users\ismar\.dotnet\tools;C:\Users\ismar\AppData\Roaming\npm;C:\Users\ismar\AppData\Local\Programs\cursor\resources\app\bin;C:\Program Files\Docker\Docker;C:\Program Files\nodejs\;C:\Program Files\dotnet\;C:\php;C:\xampp5.6\php;C:\Program Files\Git\cmd;C:\Program Files\Docker\Docker\resources\bin;C:\Ruby34-x64\bin;C:\Users\ismar\scoop\shims;C:\Users\ismar\AppData\Local\Microsoft\WindowsApps;;C:\Users\ismar\AppData\Local\Programs\Microsoft VS Code\bin;C:\Users\ismar\AppData\Roaming\Composer\vendor\bin;C:\Users\ismar\.dotnet\tools;C:\Users\ismar\AppData\Roaming\npm;C:\Users\ismar\AppData\Local\Programs\cursor\resources\app\bin;C:\Program Files\JetBrains\DataGrip 2024.3.5\bin;" ASAN_OPTIONS=detect_leaks=0 "gcc -IC:/Ruby34-x64/include/ruby-3.4.0/x64-mingw-ucrt -IC:/Ruby34-x64/include/ruby-3.4.0/ruby/backward -IC:/Ruby34-x64/include/ruby-3.4.0 -I. -D_WIN32_WINNT=0x0600 -D__MINGW_USE_VC2005_COMPAT -D_FILE_OFFSET_BITS=64  -O3 -fstack-protector-strong   -c conftest.c"
conftest.c:5:10: fatal error: prism.h: No such file or directory
    5 | #include <prism.h>
      |          ^~~~~~~~~
compilation terminated.
checked program was:
/* begin */
1: #include "ruby.h"
2: 
3: #include <winsock2.h>
4: #include <windows.h>
5: #include <prism.h>
/* end */

PATH=".;C:/Ruby34-x64/lib;C:\Ruby34-x64\bin;C:\Ruby34-x64\msys64\ucrt64\bin;C:\Ruby34-x64\msys64\usr\bin;C:\Windows\System32;C:\Ruby34-x64\bin\;C:\xampp8.2.4\php;C:\xampp8.2.4\apache\bin;C:\xampp8.2.4\bin\;C:\Users\ismar\Documents\stripe_1.28.0;C:\Users\ismar\scoop\shims;C:\Users\ismar\AppData\Local\Microsoft\WindowsApps;C:\Users\ismar\AppData\Local\Programs\Microsoft VS Code\bin;C:\Users\ismar\AppData\Roaming\Composer\vendor\bin;C:\Users\ismar\.dotnet\tools;C:\Users\ismar\AppData\Roaming\npm;C:\Users\ismar\AppData\Local\Programs\cursor\resources\app\bin;C:\Program Files\Docker\Docker;C:\Program Files\nodejs\;C:\Program Files\dotnet\;C:\php;C:\xampp5.6\php;C:\Program Files\Git\cmd;C:\Program Files\Docker\Docker\resources\bin;C:\Ruby34-x64\bin;C:\Users\ismar\scoop\shims;C:\Users\ismar\AppData\Local\Microsoft\WindowsApps;;C:\Users\ismar\AppData\Local\Programs\Microsoft VS Code\bin;C:\Users\ismar\AppData\Roaming\Composer\vendor\bin;C:\Users\ismar\.dotnet\tools;C:\Users\ismar\AppData\Roaming\npm;C:\Users\ismar\AppData\Local\Programs\cursor\resources\app\bin;C:\Program Files\JetBrains\DataGrip 2024.3.5\bin;" ASAN_OPTIONS=detect_leaks=0 "gcc -IC:/Ruby34-x64/include/ruby-3.4.0/x64-mingw-ucrt -IC:/Ruby34-x64/include/ruby-3.4.0/ruby/backward -IC:/Ruby34-x64/include/ruby-3.4.0 -I. -D_WIN32_WINNT=0x0600 -D__MINGW_USE_VC2005_COMPAT -D_FILE_OFFSET_BITS=64  -O3 -fstack-protector-strong  -IC:/training_app/vendor/bundle/ruby/3.4.0/gems/prism-1.6.0/include -c conftest.c"
checked program was:
/* begin */
1: #include "ruby.h"
2: 
3: #include <winsock2.h>
4: #include <windows.h>
5: #include <prism.h>
/* end */

--------------------

find_header: checking for prism/extension.h in C:/training_app/vendor/bundle/ruby/3.4.0/gems/prism-1.6.0/ext... -------------------- yes

PATH=".;C:/Ruby34-x64/lib;C:\Ruby34-x64\bin;C:\Ruby34-x64\msys64\ucrt64\bin;C:\Ruby34-x64\msys64\usr\bin;C:\Windows\System32;C:\Ruby34-x64\bin\;C:\xampp8.2.4\php;C:\xampp8.2.4\apache\bin;C:\xampp8.2.4\bin\;C:\Users\ismar\Documents\stripe_1.28.0;C:\Users\ismar\scoop\shims;C:\Users\ismar\AppData\Local\Microsoft\WindowsApps;C:\Users\ismar\AppData\Local\Programs\Microsoft VS Code\bin;C:\Users\ismar\AppData\Roaming\Composer\vendor\bin;C:\Users\ismar\.dotnet\tools;C:\Users\ismar\AppData\Roaming\npm;C:\Users\ismar\AppData\Local\Programs\cursor\resources\app\bin;C:\Program Files\Docker\Docker;C:\Program Files\nodejs\;C:\Program Files\dotnet\;C:\php;C:\xampp5.6\php;C:\Program Files\Git\cmd;C:\Program Files\Docker\Docker\resources\bin;C:\Ruby34-x64\bin;C:\Users\ismar\scoop\shims;C:\Users\ismar\AppData\Local\Microsoft\WindowsApps;;C:\Users\ismar\AppData\Local\Programs\Microsoft VS Code\bin;C:\Users\ismar\AppData\Roaming\Composer\vendor\bin;C:\Users\ismar\.dotnet\tools;C:\Users\ismar\AppData\Roaming\npm;C:\Users\ismar\AppData\Local\Programs\cursor\resources\app\bin;C:\Program Files\JetBrains\DataGrip 2024.3.5\bin;" ASAN_OPTIONS=detect_leaks=0 "gcc -IC:/Ruby34-x64/include/ruby-3.4.0/x64-mingw-ucrt -IC:/Ruby34-x64/include/ruby-3.4.0/ruby/backward -IC:/Ruby34-x64/include/ruby-3.4.0 -I. -IC:/training_app/vendor/bundle/ruby/3.4.0/gems/prism-1.6.0/include -D_WIN32_WINNT=0x0600 -D__MINGW_USE_VC2005_COMPAT -D_FILE_OFFSET_BITS=64  -O3 -fstack-protector-strong   -c conftest.c"
conftest.c:5:10: fatal error: prism/extension.h: No such file or directory
    5 | #include <prism/extension.h>
      |          ^~~~~~~~~~~~~~~~~~~
compilation terminated.
checked program was:
/* begin */
1: #include "ruby.h"
2: 
3: #include <winsock2.h>
4: #include <windows.h>
5: #include <prism/extension.h>
/* end */

PATH=".;C:/Ruby34-x64/lib;C:\Ruby34-x64\bin;C:\Ruby34-x64\msys64\ucrt64\bin;C:\Ruby34-x64\msys64\usr\bin;C:\Windows\System32;C:\Ruby34-x64\bin\;C:\xampp8.2.4\php;C:\xampp8.2.4\apache\bin;C:\xampp8.2.4\bin\;C:\Users\ismar\Documents\stripe_1.28.0;C:\Users\ismar\scoop\shims;C:\Users\ismar\AppData\Local\Microsoft\WindowsApps;C:\Users\ismar\AppData\Local\Programs\Microsoft VS Code\bin;C:\Users\ismar\AppData\Roaming\Composer\vendor\bin;C:\Users\ismar\.dotnet\tools;C:\Users\ismar\AppData\Roaming\npm;C:\Users\ismar\AppData\Local\Programs\cursor\resources\app\bin;C:\Program Files\Docker\Docker;C:\Program Files\nodejs\;C:\Program Files\dotnet\;C:\php;C:\xampp5.6\php;C:\Program Files\Git\cmd;C:\Program Files\Docker\Docker\resources\bin;C:\Ruby34-x64\bin;C:\Users\ismar\scoop\shims;C:\Users\ismar\AppData\Local\Microsoft\WindowsApps;;C:\Users\ismar\AppData\Local\Programs\Microsoft VS Code\bin;C:\Users\ismar\AppData\Roaming\Composer\vendor\bin;C:\Users\ismar\.dotnet\tools;C:\Users\ismar\AppData\Roaming\npm;C:\Users\ismar\AppData\Local\Programs\cursor\resources\app\bin;C:\Program Files\JetBrains\DataGrip 2024.3.5\bin;" ASAN_OPTIONS=detect_leaks=0 "gcc -IC:/Ruby34-x64/include/ruby-3.4.0/x64-mingw-ucrt -IC:/Ruby34-x64/include/ruby-3.4.0/ruby/backward -IC:/Ruby34-x64/include/ruby-3.4.0 -I. -IC:/training_app/vendor/bundle/ruby/3.4.0/gems/prism-1.6.0/include -D_WIN32_WINNT=0x0600 -D__MINGW_USE_VC2005_COMPAT -D_FILE_OFFSET_BITS=64  -O3 -fstack-protector-strong  -IC:/training_app/vendor/bundle/ruby/3.4.0/gems/prism-1.6.0/ext -c conftest.c"
checked program was:
/* begin */
1: #include "ruby.h"
2: 
3: #include <winsock2.h>
4: #include <windows.h>
5: #include <prism/extension.h>
/* end */

--------------------

append_cflags: checking for whether -fvisibility=hidden is accepted as CFLAGS... -------------------- yes

PATH=".;C:/Ruby34-x64/lib;C:\Ruby34-x64\bin;C:\Ruby34-x64\msys64\ucrt64\bin;C:\Ruby34-x64\msys64\usr\bin;C:\Windows\System32;C:\Ruby34-x64\bin\;C:\xampp8.2.4\php;C:\xampp8.2.4\apache\bin;C:\xampp8.2.4\bin\;C:\Users\ismar\Documents\stripe_1.28.0;C:\Users\ismar\scoop\shims;C:\Users\ismar\AppData\Local\Microsoft\WindowsApps;C:\Users\ismar\AppData\Local\Programs\Microsoft VS Code\bin;C:\Users\ismar\AppData\Roaming\Composer\vendor\bin;C:\Users\ismar\.dotnet\tools;C:\Users\ismar\AppData\Roaming\npm;C:\Users\ismar\AppData\Local\Programs\cursor\resources\app\bin;C:\Program Files\Docker\Docker;C:\Program Files\nodejs\;C:\Program Files\dotnet\;C:\php;C:\xampp5.6\php;C:\Program Files\Git\cmd;C:\Program Files\Docker\Docker\resources\bin;C:\Ruby34-x64\bin;C:\Users\ismar\scoop\shims;C:\Users\ismar\AppData\Local\Microsoft\WindowsApps;;C:\Users\ismar\AppData\Local\Programs\Microsoft VS Code\bin;C:\Users\ismar\AppData\Roaming\Composer\vendor\bin;C:\Users\ismar\.dotnet\tools;C:\Users\ismar\AppData\Roaming\npm;C:\Users\ismar\AppData\Local\Programs\cursor\resources\app\bin;C:\Program Files\JetBrains\DataGrip 2024.3.5\bin;" ASAN_OPTIONS=detect_leaks=0 "gcc -IC:/Ruby34-x64/include/ruby-3.4.0/x64-mingw-ucrt -IC:/Ruby34-x64/include/ruby-3.4.0/ruby/backward -IC:/Ruby34-x64/include/ruby-3.4.0 -I. -IC:/training_app/vendor/bundle/ruby/3.4.0/gems/prism-1.6.0/include -IC:/training_app/vendor/bundle/ruby/3.4.0/gems/prism-1.6.0/ext -D_WIN32_WINNT=0x0600 -D__MINGW_USE_VC2005_COMPAT -D_FILE_OFFSET_BITS=64  -O3 -fstack-protector-strong  -fvisibility=hidden -Werror -c conftest.c"
checked program was:
/* begin */
1: #include "ruby.h"
2: 
3: #include <winsock2.h>
4: #include <windows.h>
5: int main(int argc, char **argv)
6: {
7:   return !!argv[argc];
8: }
/* end */

--------------------

